<?xml version="1.0" encoding="UTF-8"?>
<testng-results ignored="0" total="1" passed="1" failed="0" skipped="0">
  <reporter-output>
  </reporter-output>
  <suite started-at="2024-03-16T00:04:38 EET" name="Default suite" finished-at="2024-03-16T00:04:44 EET" duration-ms="5571">
    <groups>
    </groups>
    <test started-at="2024-03-16T00:04:38 EET" name="Default test" finished-at="2024-03-16T00:04:44 EET" duration-ms="5571">
      <class name="JavaClassPackage.javaClassThree">
        <test-method is-config="true" signature="myBefreTest()[pri:0, instance:JavaClassPackage.javaClassThree@2002348]" started-at="2024-03-16T00:04:38 EET" name="myBefreTest" finished-at="2024-03-16T00:04:39 EET" duration-ms="1059" status="PASS">
          <reporter-output>
          </reporter-output>
        </test-method> <!-- myBefreTest -->
        <test-method signature="myTest()[pri:0, instance:JavaClassPackage.javaClassThree@2002348]" started-at="2024-03-16T00:04:39 EET" name="myTest" finished-at="2024-03-16T00:04:44 EET" duration-ms="4487" status="PASS">
          <reporter-output>
          </reporter-output>
        </test-method> <!-- myTest -->
      </class> <!-- JavaClassPackage.javaClassThree -->
    </test> <!-- Default test -->
  </suite> <!-- Default suite -->
</testng-results>
